Vivado Simulator 2019.1
Copyright 1986-1999, 2001-2019 Xilinx, Inc. All Rights Reserved.
Running: /opt/mnt/Xilinx/Vivado/2019.1/bin/unwrapped/lnx64.o/xelab -wto af01657b14104413a1550bf285f0144c --incr --debug typical --relax --mt 8 -L xil_defaultlib -L unisims_ver -L secureip --snapshot tb_axis_gp_bridge_func_synth xil_defaultlib.tb_axis_gp_bridge xil_defaultlib.glbl -log elaborate.log 
Using 8 slave threads.
Starting static elaboration
WARNING: [VRFC 10-3091] actual bit length 32 differs from formal bit length 64 for port 'i_axis_TDATA' [/home/justin/paulchowresearch2020/Galapagos/finn_galapagos_bridge/axis_galapagos_bridge/finn_galapagos_bridge.srcs/sim_1/new/tb_axis_gp_bridge.sv:76]
WARNING: [VRFC 10-3091] actual bit length 24 differs from formal bit length 512 for port 'o_gp_TDATA' [/home/justin/paulchowresearch2020/Galapagos/finn_galapagos_bridge/axis_galapagos_bridge/finn_galapagos_bridge.srcs/sim_1/new/tb_axis_gp_bridge.sv:79]
WARNING: [VRFC 10-3091] actual bit length 3 differs from formal bit length 64 for port 'o_gp_TKEEP' [/home/justin/paulchowresearch2020/Galapagos/finn_galapagos_bridge/axis_galapagos_bridge/finn_galapagos_bridge.srcs/sim_1/new/tb_axis_gp_bridge.sv:80]
Completed static elaboration
Starting simulation data flow analysis
Completed simulation data flow analysis
Time Resolution for simulation is 1ps
Compiling module unisims_ver.LUT5
Compiling module unisims_ver.x_lut3_mux8
Compiling module unisims_ver.LUT3
Compiling module unisims_ver.FDSE_default
Compiling module unisims_ver.FDRE_default
Compiling module unisims_ver.LUT6
Compiling module unisims_ver.x_lut2_mux4
Compiling module unisims_ver.LUT2
Compiling module unisims_ver.x_lut1_mux2
Compiling module unisims_ver.LUT1
Compiling module xil_defaultlib.data_width_converter
Compiling module unisims_ver.IBUF
Compiling module unisims_ver.BUFGCE(CE_TYPE="ASYNC")
Compiling module unisims_ver.OBUF
Compiling module unisims_ver.LUT4
Compiling module xil_defaultlib.axi_stream_to_galapagos_bridge
Compiling module xil_defaultlib.tb_axis_gp_bridge
Compiling module xil_defaultlib.glbl
Built simulation snapshot tb_axis_gp_bridge_func_synth
